<?xml version="1.0" encoding="UTF-8" ?>
<testsuite failures="0" time="77.83" errors="0" skipped="0" tests="8" name="ex2.EncryptionTest">
  <properties>
[...]
</properties>
  <testcase time="1.775" classname="ex2.EncryptionTest" name="TestCompare"/>
  <testcase time="0.281" classname="ex2.EncryptionTest" name="testObservers"/>
  <testcase time="0.06" classname="ex2.EncryptionTest" name="TestDouble"/>
  <testcase time="0.024" classname="ex2.EncryptionTest" name="TestShiftUp"/>
  <testcase time="0.037" classname="ex2.EncryptionTest" name="TestRepeat"/>
  <testcase time="0.019" classname="ex2.EncryptionTest" name="TestShiftXor"/>
  <testcase time="0.017" classname="ex2.EncryptionTest" name="TestShiftMultiply"/>
  <testcase time="75.617" classname="ex2.EncryptionTest" name="testSyncDirectoryProcessor"/>
</testsuite>